android_10/build/outputs/logs/manifest-merger-debug-report.txt
-- Merging decision tree log ---
manifest
ADDED from ros-app-connectedphone/android_10/AndroidManifest.xml:2:1-31:12
INJECTED from ros-app-connectedphone/android_10/AndroidManifest.xml:2:1-31:12
INJECTED from ros-app-connectedphone/android_10/AndroidManifest.xml:2:1-31:12
INJECTED from ros-app-connectedphone/android_10/AndroidManifest.xml:2:1-31:12
INJECTED from ros-app-connectedphone/android_10/AndroidManifest.xml:2:1-31:12
INJECTED from ros-app-connectedphone/android_10/AndroidManifest.xml:2:1-31:12
INJECTED from ros-app-connectedphone/android_10/AndroidManifest.xml:2:1-31:12
	package
		ADDED from ros-app-connectedphone/android_10/AndroidManifest.xml:4:11-47
		INJECTED from ros-app-connectedphone/android_10/AndroidManifest.xml
		INJECTED from ros-app-connectedphone/android_10/AndroidManifest.xml
	android:versionName
		INJECTED from ros-app-connectedphone/android_10/AndroidManifest.xml
		ADDED from ros-app-connectedphone/android_10/AndroidManifest.xml:2:1-31:12
		INJECTED from ros-app-connectedphone/android_10/AndroidManifest.xml
	xmlns:tools
		ADDED from ros-app-connectedphone/android_10/AndroidManifest.xml:3:11-57
	android:versionCode
		INJECTED from ros-app-connectedphone/android_10/AndroidManifest.xml
		ADDED from ros-app-connectedphone/android_10/AndroidManifest.xml:2:1-31:12
		INJECTED from ros-app-connectedphone/android_10/AndroidManifest.xml
	xmlns:android
		ADDED from ros-app-connectedphone/android_10/AndroidManifest.xml:2:11-69
uses-permission#android.permission.WRITE_EXTERNAL_STORAGE
ADDED from ros-app-connectedphone/android_10/AndroidManifest.xml:8:5-80
	android:name
		ADDED from ros-app-connectedphone/android_10/AndroidManifest.xml:8:22-78
uses-permission#android.permission.ACCESS_WIFI_STATE
ADDED from ros-app-connectedphone/android_10/AndroidManifest.xml:9:5-75
	android:name
		ADDED from ros-app-connectedphone/android_10/AndroidManifest.xml:9:22-73
uses-permission#android.permission.CHANGE_WIFI_STATE
ADDED from ros-app-connectedphone/android_10/AndroidManifest.xml:10:5-75
	android:name
		ADDED from ros-app-connectedphone/android_10/AndroidManifest.xml:10:22-73
uses-permission#android.permission.WAKE_LOCK
ADDED from ros-app-connectedphone/android_10/AndroidManifest.xml:11:5-67
	android:name
		ADDED from ros-app-connectedphone/android_10/AndroidManifest.xml:11:22-65
uses-permission#android.permission.SYSTEM_ALERT_WINDOW
ADDED from ros-app-connectedphone/android_10/AndroidManifest.xml:12:5-77
	android:name
		ADDED from ros-app-connectedphone/android_10/AndroidManifest.xml:12:22-75
application
ADDED from ros-app-connectedphone/android_10/AndroidManifest.xml:14:5-29:19
	android:label
		ADDED from ros-app-connectedphone/android_10/AndroidManifest.xml:16:9-41
	android:icon
		ADDED from ros-app-connectedphone/android_10/AndroidManifest.xml:15:9-36
activity#org.ros.android.MasterChooser
ADDED from ros-app-connectedphone/android_10/AndroidManifest.xml:17:9-21:44
	android:label
		ADDED from ros-app-connectedphone/android_10/AndroidManifest.xml:20:13-45
	android:launchMode
		ADDED from ros-app-connectedphone/android_10/AndroidManifest.xml:21:13-42
	android:theme
		ADDED from ros-app-connectedphone/android_10/AndroidManifest.xml:19:13-51
	android:name
		ADDED from ros-app-connectedphone/android_10/AndroidManifest.xml:18:13-57
service#org.ros.android.NodeMainExecutorService
ADDED from ros-app-connectedphone/android_10/AndroidManifest.xml:23:9-28:19
	tools:ignore
		ADDED from ros-app-connectedphone/android_10/AndroidManifest.xml:24:18-48
	android:name
		ADDED from ros-app-connectedphone/android_10/AndroidManifest.xml:23:18-72
intent-filter#org.ros.android.NodeMainExecutorService
ADDED from ros-app-connectedphone/android_10/AndroidManifest.xml:25:13-27:29
action#org.ros.android.NodeMainExecutorService
ADDED from ros-app-connectedphone/android_10/AndroidManifest.xml:26:17-81
	android:name
		ADDED from ros-app-connectedphone/android_10/AndroidManifest.xml:26:25-79
uses-sdk
INJECTED from ros-app-connectedphone/android_10/AndroidManifest.xml reason: use-sdk injection requested
INJECTED from ros-app-connectedphone/android_10/AndroidManifest.xml
INJECTED from ros-app-connectedphone/android_10/AndroidManifest.xml
INJECTED from ros-app-connectedphone/android_10/AndroidManifest.xml
INJECTED from ros-app-connectedphone/android_10/AndroidManifest.xml
	android:targetSdkVersion
		INJECTED from ros-app-connectedphone/android_10/AndroidManifest.xml
		ADDED from ros-app-connectedphone/android_10/AndroidManifest.xml
		INJECTED from ros-app-connectedphone/android_10/AndroidManifest.xml
	android:minSdkVersion
		INJECTED from ros-app-connectedphone/android_10/AndroidManifest.xml
		ADDED from ros-app-connectedphone/android_10/AndroidManifest.xml
		INJECTED from ros-app-connectedphone/android_10/AndroidManifest.xml